<?xml version="1.0" encoding="UTF-8"?>
<!-- Generated by org.testng.reporters.JUnitXMLReporter -->
<testsuite ignored="0" hostname="Rolex-PC" failures="1" tests="1" name="Test" time="4.981" errors="0" timestamp="2022-08-12T12:03:13 IST">
  <testcase classname="com.OpenCart.testCases.TC001_Register" name="Register" time="1.387">
    <failure type="java.lang.AssertionError">
      <![CDATA[java.lang.AssertionError
at org.junit.Assert.fail(Assert.java:86)
at org.junit.Assert.fail(Assert.java:95)
at com.OpenCart.testCases.TC001_Register.Register(TC001_Register.java:25)
at java.base/java.util.ArrayList.forEach(ArrayList.java:1511)
... Removed 28 stack frames]]>
    </failure>
  </testcase> <!-- Register -->
</testsuite> <!-- Test -->
